TN:
SF:src/middleware.ts
FN:13,(anonymous_0)
FN:14,(anonymous_1)
FN:34,(anonymous_2)
FN:35,(anonymous_3)
FN:45,(anonymous_4)
FNF:5
FNH:5
FNDA:3,(anonymous_0)
FNDA:3,(anonymous_1)
FNDA:4,(anonymous_2)
FNDA:4,(anonymous_3)
FNDA:2,(anonymous_4)
DA:2,1
DA:3,1
DA:13,1
DA:14,3
DA:15,3
DA:16,3
DA:17,1
DA:18,1
DA:20,2
DA:21,2
DA:22,2
DA:23,1
DA:24,1
DA:26,1
DA:30,1
DA:34,1
DA:35,4
DA:36,4
DA:37,1
DA:38,1
DA:40,3
DA:42,3
DA:43,1
DA:45,2
DA:46,2
DA:47,1
DA:48,1
DA:50,1
LF:28
LH:28
BRDA:16,0,0,1
BRDA:16,1,0,3
BRDA:16,1,1,2
BRDA:22,2,0,1
BRDA:36,3,0,1
BRDA:42,4,0,1
BRDA:46,5,0,1
BRF:7
BRH:7
end_of_record
TN:
SF:src/permissions.ts
FN:8,getPermissionsForRole
FNF:1
FNH:1
FNDA:5,getPermissionsForRole
DA:1,1
DA:3,1
DA:8,1
DA:9,5
LF:4
LH:4
BRDA:9,0,0,5
BRDA:9,0,1,1
BRF:2
BRH:2
end_of_record
TN:
SF:src/schemas.ts
FNF:0
FNH:0
DA:1,1
DA:2,1
DA:4,1
DA:9,1
DA:15,1
LF:5
LH:5
BRF:0
BRH:0
end_of_record
TN:
SF:src/tokens.ts
FN:10,createAccessToken
FN:16,verifyAccessToken
FN:29,createRefreshToken
FN:35,verifyRefreshToken
FNF:4
FNH:4
FNDA:6,createAccessToken
FNDA:5,verifyAccessToken
FNDA:3,createRefreshToken
FNDA:3,verifyRefreshToken
DA:1,1
DA:2,1
DA:10,1
DA:11,6
DA:12,6
DA:13,6
DA:16,1
DA:17,5
DA:18,5
DA:19,2
DA:21,3
DA:29,1
DA:30,3
DA:31,3
DA:32,3
DA:35,1
DA:36,3
DA:37,3
DA:38,2
DA:40,1
LF:20
LH:20
BRDA:10,0,0,6
BRDA:29,1,0,3
BRF:2
BRH:2
end_of_record
TN:
SF:src/utils.ts
FN:3,(anonymous_9)
FN:8,(anonymous_10)
FNF:2
FNH:2
FNDA:3,(anonymous_9)
FNDA:2,(anonymous_10)
DA:1,1
DA:3,1
DA:4,3
DA:5,3
DA:8,1
DA:9,2
LF:6
LH:6
BRF:0
BRH:0
end_of_record
