{"/Users/bits/fullstack/inventory-management/packages/shared-rabbitmq/src/index.ts": {"path":"/Users/bits/fullstack/inventory-management/packages/shared-rabbitmq/src/index.ts","statementMap":{"0":{"start":{"line":1,"column":0},"end":{"line":1,"column":32}},"1":{"start":{"line":9,"column":4},"end":{"line":9,"column":19}},"2":{"start":{"line":13,"column":17},"end":{"line":13,"column":45}},"3":{"start":{"line":14,"column":4},"end":{"line":14,"column":27}},"4":{"start":{"line":15,"column":4},"end":{"line":15,"column":46}},"5":{"start":{"line":19,"column":4},"end":{"line":19,"column":49}},"6":{"start":{"line":19,"column":22},"end":{"line":19,"column":49}},"7":{"start":{"line":20,"column":4},"end":{"line":20,"column":55}},"8":{"start":{"line":20,"column":25},"end":{"line":20,"column":55}},"9":{"start":{"line":24,"column":4},"end":{"line":24,"column":89}},"10":{"start":{"line":24,"column":23},"end":{"line":24,"column":89}},"11":{"start":{"line":25,"column":4},"end":{"line":25,"column":24}},"12":{"start":{"line":3,"column":0},"end":{"line":3,"column":13}},"13":{"start":{"line":35,"column":4},"end":{"line":35,"column":33}},"14":{"start":{"line":36,"column":4},"end":{"line":36,"column":29}},"15":{"start":{"line":37,"column":4},"end":{"line":37,"column":41}},"16":{"start":{"line":41,"column":20},"end":{"line":41,"column":48}},"17":{"start":{"line":42,"column":23},"end":{"line":42,"column":32}},"18":{"start":{"line":43,"column":20},"end":{"line":43,"column":56}},"19":{"start":{"line":44,"column":4},"end":{"line":48,"column":5}},"20":{"start":{"line":45,"column":6},"end":{"line":45,"column":110}},"21":{"start":{"line":47,"column":6},"end":{"line":47,"column":58}},"22":{"start":{"line":52,"column":20},"end":{"line":52,"column":48}},"23":{"start":{"line":53,"column":18},"end":{"line":53,"column":55}},"24":{"start":{"line":54,"column":23},"end":{"line":54,"column":32}},"25":{"start":{"line":57,"column":4},"end":{"line":57,"column":80}},"26":{"start":{"line":58,"column":4},"end":{"line":58,"column":65}},"27":{"start":{"line":59,"column":4},"end":{"line":59,"column":62}},"28":{"start":{"line":62,"column":4},"end":{"line":62,"column":76}},"29":{"start":{"line":63,"column":4},"end":{"line":69,"column":7}},"30":{"start":{"line":70,"column":4},"end":{"line":70,"column":62}},"31":{"start":{"line":71,"column":4},"end":{"line":81,"column":7}},"32":{"start":{"line":72,"column":6},"end":{"line":72,"column":23}},"33":{"start":{"line":72,"column":16},"end":{"line":72,"column":23}},"34":{"start":{"line":73,"column":6},"end":{"line":80,"column":7}},"35":{"start":{"line":74,"column":24},"end":{"line":74,"column":58}},"36":{"start":{"line":75,"column":24},"end":{"line":75,"column":53}},"37":{"start":{"line":76,"column":8},"end":{"line":76,"column":34}},"38":{"start":{"line":77,"column":8},"end":{"line":77,"column":18}},"39":{"start":{"line":79,"column":8},"end":{"line":79,"column":31}},"40":{"start":{"line":29,"column":0},"end":{"line":29,"column":13}}},"fnMap":{"0":{"name":"(anonymous_9)","decl":{"start":{"line":8,"column":2},"end":{"line":8,"column":14}},"loc":{"start":{"line":8,"column":25},"end":{"line":10,"column":3}}},"1":{"name":"(anonymous_10)","decl":{"start":{"line":12,"column":2},"end":{"line":12,"column":7}},"loc":{"start":{"line":12,"column":15},"end":{"line":16,"column":3}}},"2":{"name":"(anonymous_11)","decl":{"start":{"line":18,"column":2},"end":{"line":18,"column":7}},"loc":{"start":{"line":18,"column":13},"end":{"line":21,"column":3}}},"3":{"name":"(anonymous_12)","decl":{"start":{"line":23,"column":2},"end":{"line":23,"column":12}},"loc":{"start":{"line":23,"column":12},"end":{"line":26,"column":3}}},"4":{"name":"(anonymous_13)","decl":{"start":{"line":34,"column":2},"end":{"line":34,"column":14}},"loc":{"start":{"line":34,"column":62},"end":{"line":38,"column":3}}},"5":{"name":"(anonymous_14)","decl":{"start":{"line":40,"column":2},"end":{"line":40,"column":7}},"loc":{"start":{"line":40,"column":71},"end":{"line":49,"column":3}}},"6":{"name":"(anonymous_15)","decl":{"start":{"line":51,"column":2},"end":{"line":51,"column":7}},"loc":{"start":{"line":51,"column":99},"end":{"line":82,"column":3}}},"7":{"name":"(anonymous_16)","decl":{"start":{"line":71,"column":27},"end":{"line":71,"column":28}},"loc":{"start":{"line":71,"column":40},"end":{"line":81,"column":5}}}},"branchMap":{"0":{"loc":{"start":{"line":19,"column":4},"end":{"line":19,"column":49}},"type":"if","locations":[{"start":{"line":19,"column":4},"end":{"line":19,"column":49}}]},"1":{"loc":{"start":{"line":20,"column":4},"end":{"line":20,"column":55}},"type":"if","locations":[{"start":{"line":20,"column":4},"end":{"line":20,"column":55}}]},"2":{"loc":{"start":{"line":24,"column":4},"end":{"line":24,"column":89}},"type":"if","locations":[{"start":{"line":24,"column":4},"end":{"line":24,"column":89}}]},"3":{"loc":{"start":{"line":44,"column":4},"end":{"line":48,"column":5}},"type":"if","locations":[{"start":{"line":44,"column":4},"end":{"line":48,"column":5}},{"start":{"line":46,"column":11},"end":{"line":48,"column":5}}]},"4":{"loc":{"start":{"line":72,"column":6},"end":{"line":72,"column":23}},"type":"if","locations":[{"start":{"line":72,"column":6},"end":{"line":72,"column":23}}]},"5":{"loc":{"start":{"line":75,"column":24},"end":{"line":75,"column":53}},"type":"binary-expr","locations":[{"start":{"line":75,"column":24},"end":{"line":75,"column":47}},{"start":{"line":75,"column":51},"end":{"line":75,"column":53}}]}},"s":{"0":1,"1":3,"2":2,"3":2,"4":2,"5":1,"6":1,"7":1,"8":1,"9":2,"10":1,"11":1,"12":1,"13":6,"14":6,"15":6,"16":2,"17":2,"18":2,"19":2,"20":1,"21":1,"22":4,"23":4,"24":4,"25":4,"26":4,"27":4,"28":4,"29":4,"30":4,"31":4,"32":3,"33":0,"34":3,"35":3,"36":3,"37":3,"38":2,"39":1,"40":1},"f":{"0":3,"1":2,"2":1,"3":2,"4":6,"5":2,"6":4,"7":3},"b":{"0":[1],"1":[1],"2":[1],"3":[1,1],"4":[0],"5":[3,2]}}
}
