TN:
SF:src/index.ts
FN:8,(anonymous_9)
FN:12,(anonymous_10)
FN:18,(anonymous_11)
FN:23,(anonymous_12)
FN:34,(anonymous_13)
FN:40,(anonymous_14)
FN:51,(anonymous_15)
FN:71,(anonymous_16)
FNF:8
FNH:8
FNDA:3,(anonymous_9)
FNDA:2,(anonymous_10)
FNDA:1,(anonymous_11)
FNDA:2,(anonymous_12)
FNDA:6,(anonymous_13)
FNDA:2,(anonymous_14)
FNDA:4,(anonymous_15)
FNDA:3,(anonymous_16)
DA:1,1
DA:3,1
DA:9,3
DA:13,2
DA:14,2
DA:15,2
DA:19,1
DA:20,1
DA:24,2
DA:25,1
DA:29,1
DA:35,6
DA:36,6
DA:37,6
DA:41,2
DA:42,2
DA:43,2
DA:44,2
DA:45,1
DA:47,1
DA:52,4
DA:53,4
DA:54,4
DA:57,4
DA:58,4
DA:59,4
DA:62,4
DA:63,4
DA:70,4
DA:71,4
DA:72,3
DA:73,3
DA:74,3
DA:75,3
DA:76,3
DA:77,2
DA:79,1
LF:37
LH:37
BRDA:19,0,0,1
BRDA:20,1,0,1
BRDA:24,2,0,1
BRDA:44,3,0,1
BRDA:44,3,1,1
BRDA:72,4,0,0
BRDA:75,5,0,3
BRDA:75,5,1,2
BRF:8
BRH:7
end_of_record
