{"/Users/bits/fullstack/inventory-management/packages/shared-testing/src/index.ts": {"path":"/Users/bits/fullstack/inventory-management/packages/shared-testing/src/index.ts","statementMap":{"0":{"start":{"line":43,"column":0},"end":{"line":43,"column":16}},"1":{"start":{"line":59,"column":0},"end":{"line":59,"column":16}},"2":{"start":{"line":69,"column":0},"end":{"line":69,"column":16}},"3":{"start":{"line":80,"column":0},"end":{"line":80,"column":16}},"4":{"start":{"line":1,"column":0},"end":{"line":1,"column":32}},"5":{"start":{"line":2,"column":0},"end":{"line":2,"column":100}},"6":{"start":{"line":5,"column":13},"end":{"line":16,"column":2}},"7":{"start":{"line":18,"column":13},"end":{"line":23,"column":2}},"8":{"start":{"line":25,"column":13},"end":{"line":31,"column":2}},"9":{"start":{"line":33,"column":13},"end":{"line":40,"column":2}},"10":{"start":{"line":44,"column":24},"end":{"line":55,"column":4}},"11":{"start":{"line":56,"column":2},"end":{"line":56,"column":35}},"12":{"start":{"line":60,"column":25},"end":{"line":65,"column":4}},"13":{"start":{"line":66,"column":2},"end":{"line":66,"column":35}},"14":{"start":{"line":70,"column":25},"end":{"line":76,"column":4}},"15":{"start":{"line":77,"column":2},"end":{"line":77,"column":35}},"16":{"start":{"line":81,"column":21},"end":{"line":88,"column":4}},"17":{"start":{"line":89,"column":2},"end":{"line":89,"column":35}},"18":{"start":{"line":94,"column":34},"end":{"line":94,"column":43}},"19":{"start":{"line":97,"column":4},"end":{"line":97,"column":43}},"20":{"start":{"line":101,"column":4},"end":{"line":101,"column":30}},"21":{"start":{"line":105,"column":4},"end":{"line":105,"column":38}},"22":{"start":{"line":106,"column":4},"end":{"line":106,"column":18}},"23":{"start":{"line":110,"column":4},"end":{"line":110,"column":33}},"24":{"start":{"line":93,"column":0},"end":{"line":93,"column":13}}},"fnMap":{"0":{"name":"createProduct","decl":{"start":{"line":43,"column":16},"end":{"line":43,"column":29}},"loc":{"start":{"line":43,"column":86},"end":{"line":57,"column":1}}},"1":{"name":"createCategory","decl":{"start":{"line":59,"column":16},"end":{"line":59,"column":30}},"loc":{"start":{"line":59,"column":60},"end":{"line":67,"column":1}}},"2":{"name":"createSupplier","decl":{"start":{"line":69,"column":16},"end":{"line":69,"column":30}},"loc":{"start":{"line":69,"column":60},"end":{"line":78,"column":1}}},"3":{"name":"createUser","decl":{"start":{"line":80,"column":16},"end":{"line":80,"column":26}},"loc":{"start":{"line":80,"column":52},"end":{"line":90,"column":1}}},"4":{"name":"(anonymous_4)","decl":{"start":{"line":96,"column":2},"end":{"line":96,"column":8}},"loc":{"start":{"line":96,"column":8},"end":{"line":98,"column":3}}},"5":{"name":"(anonymous_5)","decl":{"start":{"line":100,"column":2},"end":{"line":100,"column":5}},"loc":{"start":{"line":100,"column":16},"end":{"line":102,"column":3}}},"6":{"name":"(anonymous_6)","decl":{"start":{"line":104,"column":2},"end":{"line":104,"column":6}},"loc":{"start":{"line":104,"column":16},"end":{"line":107,"column":3}}},"7":{"name":"(anonymous_7)","decl":{"start":{"line":109,"column":2},"end":{"line":109,"column":8}},"loc":{"start":{"line":109,"column":19},"end":{"line":111,"column":3}}}},"branchMap":{},"s":{"0":1,"1":1,"2":1,"3":1,"4":1,"5":1,"6":1,"7":1,"8":1,"9":1,"10":4,"11":4,"12":3,"13":3,"14":2,"15":2,"16":1,"17":1,"18":3,"19":1,"20":2,"21":4,"22":4,"23":2,"24":1},"f":{"0":4,"1":3,"2":2,"3":1,"4":1,"5":2,"6":4,"7":2},"b":{}}
}
