TN:
SF:src/index.ts
FN:43,createProduct
FN:59,createCategory
FN:69,createSupplier
FN:80,createUser
FN:96,(anonymous_4)
FN:100,(anonymous_5)
FN:104,(anonymous_6)
FN:109,(anonymous_7)
FNF:8
FNH:8
FNDA:4,createProduct
FNDA:3,createCategory
FNDA:2,createSupplier
FNDA:1,createUser
FNDA:1,(anonymous_4)
FNDA:2,(anonymous_5)
FNDA:4,(anonymous_6)
FNDA:2,(anonymous_7)
DA:1,1
DA:2,1
DA:5,1
DA:18,1
DA:25,1
DA:33,1
DA:43,1
DA:44,4
DA:56,4
DA:59,1
DA:60,3
DA:66,3
DA:69,1
DA:70,2
DA:77,2
DA:80,1
DA:81,1
DA:89,1
DA:93,1
DA:94,3
DA:97,1
DA:101,2
DA:105,4
DA:106,4
DA:110,2
LF:25
LH:25
BRF:0
BRH:0
end_of_record
