<?xml version="1.0" encoding="UTF-8"?>
<coverage generated="1781239018614" clover="3.2.0">
  <project timestamp="1781239018614" name="All files">
    <metrics statements="15" coveredstatements="15" conditionals="13" coveredconditionals="11" methods="7" coveredmethods="7" elements="35" coveredelements="33" complexity="0" loc="15" ncloc="15" packages="1" files="1" classes="1"/>
    <file name="index.ts" path="/Users/bits/fullstack/inventory-management/packages/shared-logger/src/index.ts">
      <metrics statements="15" coveredstatements="15" conditionals="13" coveredconditionals="11" methods="7" coveredmethods="7"/>
      <line num="8" count="1" type="stmt"/>
      <line num="10" count="1" type="stmt"/>
      <line num="11" count="7" type="cond" truecount="2" falsecount="0"/>
      <line num="12" count="7" type="cond" truecount="1" falsecount="1"/>
      <line num="13" count="7" type="cond" truecount="2" falsecount="0"/>
      <line num="16" count="10" type="cond" truecount="1" falsecount="1"/>
      <line num="20" count="9" type="stmt"/>
      <line num="21" count="9" type="cond" truecount="1" falsecount="0"/>
      <line num="22" count="9" type="cond" truecount="1" falsecount="0"/>
      <line num="23" count="9" type="stmt"/>
      <line num="26" count="7" type="stmt"/>
      <line num="27" count="1" type="stmt"/>
      <line num="28" count="4" type="cond" truecount="1" falsecount="0"/>
      <line num="29" count="3" type="cond" truecount="1" falsecount="0"/>
      <line num="30" count="3" type="cond" truecount="1" falsecount="0"/>
    </file>
  </project>
</coverage>
