{"/Users/bits/fullstack/inventory-management/packages/shared-logger/src/index.ts": {"path":"/Users/bits/fullstack/inventory-management/packages/shared-logger/src/index.ts","statementMap":{"0":{"start":{"line":10,"column":0},"end":{"line":10,"column":16}},"1":{"start":{"line":8,"column":43},"end":{"line":8,"column":83}},"2":{"start":{"line":11,"column":16},"end":{"line":11,"column":40}},"3":{"start":{"line":12,"column":19},"end":{"line":12,"column":41}},"4":{"start":{"line":13,"column":22},"end":{"line":13,"column":52}},"5":{"start":{"line":16,"column":4},"end":{"line":16,"column":46}},"6":{"start":{"line":20,"column":23},"end":{"line":20,"column":88}},"7":{"start":{"line":21,"column":4},"end":{"line":21,"column":59}},"8":{"start":{"line":21,"column":23},"end":{"line":21,"column":59}},"9":{"start":{"line":22,"column":4},"end":{"line":22,"column":32}},"10":{"start":{"line":22,"column":14},"end":{"line":22,"column":32}},"11":{"start":{"line":23,"column":4},"end":{"line":23,"column":17}},"12":{"start":{"line":26,"column":2},"end":{"line":31,"column":4}},"13":{"start":{"line":27,"column":35},"end":{"line":27,"column":54}},"14":{"start":{"line":28,"column":36},"end":{"line":28,"column":118}},"15":{"start":{"line":28,"column":59},"end":{"line":28,"column":118}},"16":{"start":{"line":29,"column":36},"end":{"line":29,"column":118}},"17":{"start":{"line":29,"column":59},"end":{"line":29,"column":118}},"18":{"start":{"line":30,"column":37},"end":{"line":30,"column":121}},"19":{"start":{"line":30,"column":61},"end":{"line":30,"column":121}}},"fnMap":{"0":{"name":"createLogger","decl":{"start":{"line":10,"column":16},"end":{"line":10,"column":28}},"loc":{"start":{"line":10,"column":81},"end":{"line":32,"column":1}}},"1":{"name":"shouldLog","decl":{"start":{"line":15,"column":11},"end":{"line":15,"column":20}},"loc":{"start":{"line":15,"column":32},"end":{"line":17,"column":3}}},"2":{"name":"buildEntry","decl":{"start":{"line":19,"column":11},"end":{"line":19,"column":21}},"loc":{"start":{"line":19,"column":58},"end":{"line":24,"column":3}}},"3":{"name":"(anonymous_3)","decl":{"start":{"line":27,"column":4},"end":{"line":27,"column":20}},"loc":{"start":{"line":27,"column":31},"end":{"line":27,"column":56}}},"4":{"name":"(anonymous_4)","decl":{"start":{"line":28,"column":4},"end":{"line":28,"column":8}},"loc":{"start":{"line":28,"column":32},"end":{"line":28,"column":120}}},"5":{"name":"(anonymous_5)","decl":{"start":{"line":29,"column":4},"end":{"line":29,"column":8}},"loc":{"start":{"line":29,"column":32},"end":{"line":29,"column":120}}},"6":{"name":"(anonymous_6)","decl":{"start":{"line":30,"column":4},"end":{"line":30,"column":9}},"loc":{"start":{"line":30,"column":33},"end":{"line":30,"column":123}}}},"branchMap":{"0":{"loc":{"start":{"line":11,"column":16},"end":{"line":11,"column":40}},"type":"binary-expr","locations":[{"start":{"line":11,"column":16},"end":{"line":11,"column":30}},{"start":{"line":11,"column":34},"end":{"line":11,"column":40}}]},"1":{"loc":{"start":{"line":12,"column":19},"end":{"line":12,"column":41}},"type":"binary-expr","locations":[{"start":{"line":12,"column":19},"end":{"line":12,"column":36}},{"start":{"line":12,"column":40},"end":{"line":12,"column":41}}]},"2":{"loc":{"start":{"line":13,"column":22},"end":{"line":13,"column":52}},"type":"binary-expr","locations":[{"start":{"line":13,"column":22},"end":{"line":13,"column":44}},{"start":{"line":13,"column":48},"end":{"line":13,"column":52}}]},"3":{"loc":{"start":{"line":16,"column":12},"end":{"line":16,"column":32}},"type":"binary-expr","locations":[{"start":{"line":16,"column":12},"end":{"line":16,"column":27}},{"start":{"line":16,"column":31},"end":{"line":16,"column":32}}]},"4":{"loc":{"start":{"line":21,"column":4},"end":{"line":21,"column":59}},"type":"if","locations":[{"start":{"line":21,"column":4},"end":{"line":21,"column":59}}]},"5":{"loc":{"start":{"line":22,"column":4},"end":{"line":22,"column":32}},"type":"if","locations":[{"start":{"line":22,"column":4},"end":{"line":22,"column":32}}]},"6":{"loc":{"start":{"line":28,"column":36},"end":{"line":28,"column":118}},"type":"if","locations":[{"start":{"line":28,"column":36},"end":{"line":28,"column":118}}]},"7":{"loc":{"start":{"line":29,"column":36},"end":{"line":29,"column":118}},"type":"if","locations":[{"start":{"line":29,"column":36},"end":{"line":29,"column":118}}]},"8":{"loc":{"start":{"line":30,"column":37},"end":{"line":30,"column":121}},"type":"if","locations":[{"start":{"line":30,"column":37},"end":{"line":30,"column":121}}]}},"s":{"0":1,"1":1,"2":7,"3":7,"4":7,"5":10,"6":9,"7":9,"8":2,"9":9,"10":2,"11":9,"12":7,"13":1,"14":4,"15":3,"16":3,"17":3,"18":3,"19":3},"f":{"0":7,"1":10,"2":9,"3":1,"4":4,"5":3,"6":3},"b":{"0":[7,5],"1":[7,0],"2":[7,6],"3":[10,0],"4":[2],"5":[2],"6":[3],"7":[3],"8":[3]}}
}
