TN:
SF:src/index.ts
FN:10,createLogger
FN:15,shouldLog
FN:19,buildEntry
FN:27,(anonymous_3)
FN:28,(anonymous_4)
FN:29,(anonymous_5)
FN:30,(anonymous_6)
FNF:7
FNH:7
FNDA:7,createLogger
FNDA:10,shouldLog
FNDA:9,buildEntry
FNDA:1,(anonymous_3)
FNDA:4,(anonymous_4)
FNDA:3,(anonymous_5)
FNDA:3,(anonymous_6)
DA:8,1
DA:10,1
DA:11,7
DA:12,7
DA:13,7
DA:16,10
DA:20,9
DA:21,9
DA:22,9
DA:23,9
DA:26,7
DA:27,1
DA:28,4
DA:29,3
DA:30,3
LF:15
LH:15
BRDA:11,0,0,7
BRDA:11,0,1,5
BRDA:12,1,0,7
BRDA:12,1,1,0
BRDA:13,2,0,7
BRDA:13,2,1,6
BRDA:16,3,0,10
BRDA:16,3,1,0
BRDA:21,4,0,2
BRDA:22,5,0,2
BRDA:28,6,0,3
BRDA:29,7,0,3
BRDA:30,8,0,3
BRF:13
BRH:11
end_of_record
